2014-12-23 18:10:53,126 - Log4JLogChute initialized using file 'velocity.log'
2014-12-23 18:10:53,127 - Velocity was not initialized! Calling init()...
2014-12-23 18:10:53,127 - Starting Apache Velocity v1.5 (compiled: 2007-02-22 08:52:29)
2014-12-23 18:10:53,127 - Default Properties File: org/apache/velocity/runtime/defaults/velocity.properties
2014-12-23 18:10:53,127 - Trying to use logger class org.apache.velocity.runtime.log.AvalonLogChute
2014-12-23 18:10:53,128 - Couldn't find class org.apache.velocity.runtime.log.AvalonLogChute or necessary supporting classes in classpath.
java.lang.NoClassDefFoundError: org/apache/log/format/Formatter
	at java.lang.Class.forName0(Native Method)
	at java.lang.Class.forName(Class.java:270)
	at org.apache.velocity.util.ClassUtils.getClass(ClassUtils.java:63)
	at org.apache.velocity.util.ClassUtils.getNewInstance(ClassUtils.java:95)
	at org.apache.velocity.runtime.log.LogManager.createLogChute(LogManager.java:147)
	at org.apache.velocity.runtime.log.LogManager.updateLog(LogManager.java:208)
	at org.apache.velocity.runtime.RuntimeInstance.initializeLog(RuntimeInstance.java:728)
	at org.apache.velocity.runtime.RuntimeInstance.init(RuntimeInstance.java:240)
	at org.apache.velocity.runtime.RuntimeInstance.parse(RuntimeInstance.java:993)
	at org.apache.velocity.runtime.RuntimeInstance.parse(RuntimeInstance.java:972)
	at org.apache.velocity.runtime.RuntimeSingleton.parse(RuntimeSingleton.java:265)
	at org.apache.velocity.app.Velocity.evaluate(Velocity.java:274)
	at org.sonatype.mavenbook.weather.WeatherFormatter.format(WeatherFormatter.java:25)
	at org.sonatype.mavenbook.weather.Main.start(Main.java:36)
	at org.sonatype.mavenbook.weather.Main.main(Main.java:27)
	at sun.reflect.NativeMethodAccessorImpl.invoke0(Native Method)
	at sun.reflect.NativeMethodAccessorImpl.invoke(NativeMethodAccessorImpl.java:57)
	at sun.reflect.DelegatingMethodAccessorImpl.invoke(DelegatingMethodAccessorImpl.java:43)
	at java.lang.reflect.Method.invoke(Method.java:606)
	at org.codehaus.mojo.exec.ExecJavaMojo$1.run(ExecJavaMojo.java:293)
	at java.lang.Thread.run(Thread.java:744)
Caused by: java.lang.ClassNotFoundException: org.apache.log.format.Formatter
	at java.net.URLClassLoader$1.run(URLClassLoader.java:366)
	at java.net.URLClassLoader$1.run(URLClassLoader.java:355)
	at java.security.AccessController.doPrivileged(Native Method)
	at java.net.URLClassLoader.findClass(URLClassLoader.java:354)
	at java.lang.ClassLoader.loadClass(ClassLoader.java:425)
	at java.lang.ClassLoader.loadClass(ClassLoader.java:358)
	... 21 more
2014-12-23 18:10:53,129 - Trying to use logger class org.apache.velocity.runtime.log.Log4JLogChute
2014-12-23 18:10:53,129 - Using logger class org.apache.velocity.runtime.log.Log4JLogChute
2014-12-23 18:10:53,130 - Default ResourceManager initializing. (class org.apache.velocity.runtime.resource.ResourceManagerImpl)
2014-12-23 18:10:53,132 - ResourceLoader instantiated: org.apache.velocity.runtime.resource.loader.FileResourceLoader
2014-12-23 18:10:53,133 - Do unicode file recognition:  false
2014-12-23 18:10:53,133 - FileResourceLoader : adding path '.'
2014-12-23 18:10:53,155 - ResourceCache: initialized (class org.apache.velocity.runtime.resource.ResourceCacheImpl)
2014-12-23 18:10:53,156 - Loaded System Directive: org.apache.velocity.runtime.directive.Literal
2014-12-23 18:10:53,157 - Loaded System Directive: org.apache.velocity.runtime.directive.Macro
2014-12-23 18:10:53,159 - Loaded System Directive: org.apache.velocity.runtime.directive.Parse
2014-12-23 18:10:53,161 - Loaded System Directive: org.apache.velocity.runtime.directive.Include
2014-12-23 18:10:53,162 - Loaded System Directive: org.apache.velocity.runtime.directive.Foreach
2014-12-23 18:10:53,179 - Created '20' parsers.
2014-12-23 18:10:53,183 - Velocimacro : "velocimacro.library" is not set.  Trying default library: VM_global_library.vm
2014-12-23 18:10:53,183 - Velocimacro : Default library not found.
2014-12-23 18:10:53,183 - Velocimacro : allowInline = true : VMs can be defined inline in templates
2014-12-23 18:10:53,183 - Velocimacro : allowInlineToOverride = false : VMs defined inline may NOT replace previous VM definitions
2014-12-23 18:10:53,183 - Velocimacro : allowInlineLocal = false : VMs defined inline will be global in scope if allowed.
2014-12-23 18:10:53,183 - Velocimacro : autoload off : VM system will not automatically reload global library macros
2014-12-26 15:40:03,141 - Log4JLogChute initialized using file 'velocity.log'
2014-12-26 15:40:03,164 - Velocity was not initialized! Calling init()...
2014-12-26 15:40:03,164 - Starting Apache Velocity v1.5 (compiled: 2007-02-22 08:52:29)
2014-12-26 15:40:03,164 - Default Properties File: org/apache/velocity/runtime/defaults/velocity.properties
2014-12-26 15:40:03,164 - Trying to use logger class org.apache.velocity.runtime.log.AvalonLogChute
2014-12-26 15:40:03,165 - Couldn't find class org.apache.velocity.runtime.log.AvalonLogChute or necessary supporting classes in classpath.
java.lang.NoClassDefFoundError: org/apache/log/format/Formatter
	at java.lang.Class.forName0(Native Method)
	at java.lang.Class.forName(Class.java:249)
	at org.apache.velocity.util.ClassUtils.getClass(ClassUtils.java:63)
	at org.apache.velocity.util.ClassUtils.getNewInstance(ClassUtils.java:95)
	at org.apache.velocity.runtime.log.LogManager.createLogChute(LogManager.java:147)
	at org.apache.velocity.runtime.log.LogManager.updateLog(LogManager.java:208)
	at org.apache.velocity.runtime.RuntimeInstance.initializeLog(RuntimeInstance.java:728)
	at org.apache.velocity.runtime.RuntimeInstance.init(RuntimeInstance.java:240)
	at org.apache.velocity.runtime.RuntimeInstance.parse(RuntimeInstance.java:993)
	at org.apache.velocity.runtime.RuntimeInstance.parse(RuntimeInstance.java:972)
	at org.apache.velocity.runtime.RuntimeSingleton.parse(RuntimeSingleton.java:265)
	at org.apache.velocity.app.Velocity.evaluate(Velocity.java:274)
	at org.sonatype.mavenbook.weather.WeatherFormatter.format(WeatherFormatter.java:25)
	at org.sonatype.mavenbook.weather.Main.start(Main.java:36)
	at org.sonatype.mavenbook.weather.Main.main(Main.java:27)
	at sun.reflect.NativeMethodAccessorImpl.invoke0(Native Method)
	at sun.reflect.NativeMethodAccessorImpl.invoke(NativeMethodAccessorImpl.java:39)
	at sun.reflect.DelegatingMethodAccessorImpl.invoke(DelegatingMethodAccessorImpl.java:25)
	at java.lang.reflect.Method.invoke(Method.java:597)
	at com.intellij.rt.execution.application.AppMain.main(AppMain.java:134)
Caused by: java.lang.ClassNotFoundException: org.apache.log.format.Formatter
	at java.net.URLClassLoader$1.run(URLClassLoader.java:202)
	at java.security.AccessController.doPrivileged(Native Method)
	at java.net.URLClassLoader.findClass(URLClassLoader.java:190)
	at java.lang.ClassLoader.loadClass(ClassLoader.java:306)
	at sun.misc.Launcher$AppClassLoader.loadClass(Launcher.java:301)
	at java.lang.ClassLoader.loadClass(ClassLoader.java:247)
	... 20 more
2014-12-26 15:40:03,166 - Trying to use logger class org.apache.velocity.runtime.log.Log4JLogChute
2014-12-26 15:40:03,166 - Using logger class org.apache.velocity.runtime.log.Log4JLogChute
2014-12-26 15:40:03,168 - Default ResourceManager initializing. (class org.apache.velocity.runtime.resource.ResourceManagerImpl)
2014-12-26 15:40:03,170 - ResourceLoader instantiated: org.apache.velocity.runtime.resource.loader.FileResourceLoader
2014-12-26 15:40:03,170 - Do unicode file recognition:  false
2014-12-26 15:40:03,170 - FileResourceLoader : adding path '.'
2014-12-26 15:40:03,219 - ResourceCache: initialized (class org.apache.velocity.runtime.resource.ResourceCacheImpl)
2014-12-26 15:40:03,220 - Loaded System Directive: org.apache.velocity.runtime.directive.Literal
2014-12-26 15:40:03,221 - Loaded System Directive: org.apache.velocity.runtime.directive.Macro
2014-12-26 15:40:03,222 - Loaded System Directive: org.apache.velocity.runtime.directive.Parse
2014-12-26 15:40:03,222 - Loaded System Directive: org.apache.velocity.runtime.directive.Include
2014-12-26 15:40:03,223 - Loaded System Directive: org.apache.velocity.runtime.directive.Foreach
2014-12-26 15:40:03,239 - Created '20' parsers.
2014-12-26 15:40:03,243 - Velocimacro : "velocimacro.library" is not set.  Trying default library: VM_global_library.vm
2014-12-26 15:40:03,243 - Velocimacro : Default library not found.
2014-12-26 15:40:03,243 - Velocimacro : allowInline = true : VMs can be defined inline in templates
2014-12-26 15:40:03,243 - Velocimacro : allowInlineToOverride = false : VMs defined inline may NOT replace previous VM definitions
2014-12-26 15:40:03,244 - Velocimacro : allowInlineLocal = false : VMs defined inline will be global in scope if allowed.
2014-12-26 15:40:03,244 - Velocimacro : autoload off : VM system will not automatically reload global library macros
